[ERROR] [2024-12-14 19:21:01,569] [middleware] [Exception occurred: /books/ - Invalid block tag on line 1: 'static'. Did you forget to register or load this tag?]
[ERROR] [2024-12-15 19:15:32,946] [middleware] [Exception occurred: /orders/checkout/ - 'User' object has no attribute 'cart']
[ERROR] [2024-12-15 19:18:22,968] [middleware] [Exception occurred: /orders/checkout/ - 'User' object has no attribute 'cart']
[ERROR] [2024-12-15 19:18:27,015] [middleware] [Exception occurred: /orders/checkout/ - 'User' object has no attribute 'cart']
[ERROR] [2024-12-15 19:19:40,197] [middleware] [Exception occurred: /orders/checkout/ - 'User' object has no attribute 'cart']
[ERROR] [2024-12-15 19:19:55,541] [middleware] [Exception occurred: /orders/checkout/ - 'User' object has no attribute 'cart']
[ERROR] [2024-12-15 19:38:04,263] [middleware] [Exception occurred: /orders/checkout/ - 'User' object has no attribute 'user']
[ERROR] [2024-12-15 19:38:04,566] [middleware] [Exception occurred: /orders/checkout/ - 'User' object has no attribute 'user']
[ERROR] [2024-12-15 19:38:08,414] [middleware] [Exception occurred: /orders/checkout/ - 'User' object has no attribute 'user']
[ERROR] [2024-12-15 19:38:28,709] [middleware] [Exception occurred: /orders/checkout/ - 'User' object has no attribute 'user']
[ERROR] [2024-12-16 07:05:41,596] [middleware] [Exception occurred: /orders/checkout/ - 'User' object has no attribute 'user']
[ERROR] [2024-12-16 07:10:18,066] [middleware] [Exception occurred: /orders/checkout/ - 'User' object has no attribute 'user']
[ERROR] [2024-12-16 07:10:22,992] [middleware] [Exception occurred: /orders/checkout/ - 'User' object has no attribute 'user']
[ERROR] [2024-12-16 13:06:26,446] [middleware] [Exception occurred: /orders/checkout/ - 'User' object has no attribute 'user']
[ERROR] [2024-12-16 15:31:52,547] [middleware] [Exception occurred: /orders/checkout/ - 'User' object has no attribute 'user']
[ERROR] [2024-12-17 12:49:01,907] [middleware] [Exception occurred: /books/ - Reverse for 'your_book_list_url' not found. 'your_book_list_url' is not a valid view function or pattern name.]
[ERROR] [2024-12-17 12:51:36,048] [middleware] [Exception occurred: /books/ - Reverse for 'book_list' not found. 'book_list' is not a valid view function or pattern name.]
[ERROR] [2024-12-21 19:33:12,209] [middleware] [Exception occurred: /books/book/1/ - Reverse for 'book_list' not found. 'book_list' is not a valid view function or pattern name.]
[ERROR] [2024-12-21 19:33:13,818] [middleware] [Exception occurred: /books/book/1/ - Reverse for 'book_list' not found. 'book_list' is not a valid view function or pattern name.]
[ERROR] [2024-12-21 19:33:15,261] [middleware] [Exception occurred: /books/books/ - books/book_list.html]
[ERROR] [2024-12-21 19:33:19,209] [middleware] [Exception occurred: /books/books/ - books/book_list.html]
[ERROR] [2024-12-21 19:42:38,540] [middleware] [Exception occurred: /books/ - books/book_list.html]
[ERROR] [2024-12-21 19:42:48,592] [middleware] [Exception occurred: /books/ - books/book_list.html]
[ERROR] [2024-12-21 19:42:49,558] [middleware] [Exception occurred: /books/ - books/book_list.html]
[ERROR] [2024-12-21 19:43:17,851] [middleware] [Exception occurred: /books/ - Reverse for 'book_list' not found. 'book_list' is not a valid view function or pattern name.]
[ERROR] [2024-12-22 10:56:17,267] [middleware] [Exception occurred: /books/add/ - 403.html]
[ERROR] [2024-12-22 11:01:12,213] [middleware] [Exception occurred: /books/add/ - ]
[ERROR] [2024-12-22 11:01:21,518] [middleware] [Exception occurred: /books/add/ - ]
[ERROR] [2024-12-22 11:01:38,136] [middleware] [Exception occurred: /books/add/ - 'block' tag with name 'title' appears more than once]
[ERROR] [2024-12-22 11:10:23,600] [middleware] [Exception occurred: /books/add/ - ]
